# JRE version: OpenJDK Runtime Environment Temurin-17.0.8.1+1 (17.0.8.1+1) (build 17.0.8.1+1)
# Java VM: OpenJDK 64-Bit Server VM Temurin-17.0.8.1+1 (17.0.8.1+1, mixed mode, tiered, compressed oops, compressed class ptrs, g1 gc, windows-amd64)
GC Precious Log:
 CPUs: 12 total, 12 available
 Memory: 16295M
 Large Page Support: Disabled
 NUMA Support: Disabled
 Compressed Oops: Enabled (Zero based)
 Heap Region Size: 2M
 Heap Min Capacity: 8M
 Heap Initial Capacity: 256M
 Heap Max Capacity: 4074M
 Pre-touch: Disabled
 Parallel Workers: 10
 Concurrent Workers: 3
 Concurrent Refinement Workers: 10
 Periodic GC: Disabled
Heap:
 garbage-first heap   total 90112K, used 39008K [0x0000000701600000, 0x0000000800000000)
  region size 2048K, 5 young (10240K), 1 survivors (2048K)
 Metaspace       used 84056K, committed 84672K, reserved 1179648K
  class space    used 10988K, committed 11264K, reserved 1048576K
GC Heap History (20 events):
Event: 2.076 GC heap before
{Heap before GC invocations=11 (full 0):
 garbage-first heap   total 49152K, used 31432K [0x0000000701600000, 0x0000000800000000)
  region size 2048K, 9 young (18432K), 1 survivors (2048K)
 Metaspace       used 39666K, committed 40064K, reserved 1114112K
  class space    used 4755K, committed 4928K, reserved 1048576K
}
Event: 2.077 GC heap after
{Heap after GC invocations=12 (full 0):
 garbage-first heap   total 49152K, used 18545K [0x0000000701600000, 0x0000000800000000)
  region size 2048K, 1 young (2048K), 1 survivors (2048K)
 Metaspace       used 39666K, committed 40064K, reserved 1114112K
  class space    used 4755K, committed 4928K, reserved 1048576K
}
Event: 2.108 GC heap before
{Heap before GC invocations=12 (full 0):
 garbage-first heap   total 49152K, used 20593K [0x0000000701600000, 0x0000000800000000)
  region size 2048K, 2 young (4096K), 1 survivors (2048K)
 Metaspace       used 40246K, committed 40640K, reserved 1114112K
  class space    used 4808K, committed 4992K, reserved 1048576K
}
Event: 2.111 GC heap after
{Heap after GC invocations=13 (full 0):
 garbage-first heap   total 49152K, used 18682K [0x0000000701600000, 0x0000000800000000)
  region size 2048K, 1 young (2048K), 1 survivors (2048K)
 Metaspace       used 40246K, committed 40640K, reserved 1114112K
  class space    used 4808K, committed 4992K, reserved 1048576K
}
Event: 2.324 GC heap before
{Heap before GC invocations=13 (full 0):
 garbage-first heap   total 49152K, used 35066K [0x0000000701600000, 0x0000000800000000)
  region size 2048K, 9 young (18432K), 1 survivors (2048K)
 Metaspace       used 43010K, committed 43392K, reserved 1114112K
  class space    used 5177K, committed 5376K, reserved 1048576K
}
Event: 2.327 GC heap after
{Heap after GC invocations=14 (full 0):
 garbage-first heap   total 155648K, used 19528K [0x0000000701600000, 0x0000000800000000)
  region size 2048K, 1 young (2048K), 1 survivors (2048K)
 Metaspace       used 43010K, committed 43392K, reserved 1114112K
  class space    used 5177K, committed 5376K, reserved 1048576K
}
Event: 3.141 GC heap before
{Heap before GC invocations=14 (full 0):
 garbage-first heap   total 155648K, used 74824K [0x0000000701600000, 0x0000000800000000)
  region size 2048K, 29 young (59392K), 1 survivors (2048K)
 Metaspace       used 60001K, committed 60416K, reserved 1114112K
  class space    used 7501K, committed 7680K, reserved 1048576K
}
Event: 3.145 GC heap after
{Heap after GC invocations=15 (full 0):
 garbage-first heap   total 155648K, used 23654K [0x0000000701600000, 0x0000000800000000)
  region size 2048K, 3 young (6144K), 3 survivors (6144K)
 Metaspace       used 60001K, committed 60416K, reserved 1114112K
  class space    used 7501K, committed 7680K, reserved 1048576K
}
Event: 3.752 GC heap before
{Heap before GC invocations=16 (full 0):
 garbage-first heap   total 90112K, used 70758K [0x0000000701600000, 0x0000000800000000)
  region size 2048K, 26 young (53248K), 3 survivors (6144K)
 Metaspace       used 69050K, committed 69504K, reserved 1114112K
  class space    used 8909K, committed 9088K, reserved 1048576K
}
Event: 3.756 GC heap after
{Heap after GC invocations=17 (full 0):
 garbage-first heap   total 90112K, used 26299K [0x0000000701600000, 0x0000000800000000)
  region size 2048K, 2 young (4096K), 2 survivors (4096K)
 Metaspace       used 69050K, committed 69504K, reserved 1114112K
  class space    used 8909K, committed 9088K, reserved 1048576K
}
Event: 3.785 GC heap before
{Heap before GC invocations=17 (full 0):
 garbage-first heap   total 90112K, used 28347K [0x0000000701600000, 0x0000000800000000)
  region size 2048K, 3 young (6144K), 2 survivors (4096K)
 Metaspace       used 69579K, committed 70016K, reserved 1114112K
  class space    used 8963K, committed 9152K, reserved 1048576K
}
Event: 3.788 GC heap after
{Heap after GC invocations=18 (full 0):
 garbage-first heap   total 90112K, used 26669K [0x0000000701600000, 0x0000000800000000)
  region size 2048K, 1 young (2048K), 1 survivors (2048K)
 Metaspace       used 69579K, committed 70016K, reserved 1114112K
  class space    used 8963K, committed 9152K, reserved 1048576K
}
Event: 4.128 GC heap before
{Heap before GC invocations=18 (full 0):
 garbage-first heap   total 90112K, used 65581K [0x0000000701600000, 0x0000000800000000)
  region size 2048K, 20 young (40960K), 1 survivors (2048K)
 Metaspace       used 73694K, committed 74176K, reserved 1114112K
  class space    used 9681K, committed 9920K, reserved 1048576K
}
Event: 4.130 GC heap after
{Heap after GC invocations=19 (full 0):
 garbage-first heap   total 90112K, used 28517K [0x0000000701600000, 0x0000000800000000)
  region size 2048K, 2 young (4096K), 2 survivors (4096K)
 Metaspace       used 73694K, committed 74176K, reserved 1114112K
  class space    used 9681K, committed 9920K, reserved 1048576K
}
Event: 15.715 GC heap before
{Heap before GC invocations=19 (full 0):
 garbage-first heap   total 90112K, used 67429K [0x0000000701600000, 0x0000000800000000)
  region size 2048K, 21 young (43008K), 2 survivors (4096K)
 Metaspace       used 79345K, committed 79936K, reserved 1179648K
  class space    used 10463K, committed 10752K, reserved 1048576K
}
Event: 15.718 GC heap after
{Heap after GC invocations=20 (full 0):
 garbage-first heap   total 90112K, used 31756K [0x0000000701600000, 0x0000000800000000)
  region size 2048K, 3 young (6144K), 3 survivors (6144K)
 Metaspace       used 79345K, committed 79936K, reserved 1179648K
  class space    used 10463K, committed 10752K, reserved 1048576K
}
Event: 275.861 GC heap before
{Heap before GC invocations=20 (full 0):
 garbage-first heap   total 90112K, used 66572K [0x0000000701600000, 0x0000000800000000)
  region size 2048K, 21 young (43008K), 3 survivors (6144K)
 Metaspace       used 83093K, committed 83648K, reserved 1179648K
  class space    used 10958K, committed 11264K, reserved 1048576K
}
Event: 275.865 GC heap after
{Heap after GC invocations=21 (full 0):
 garbage-first heap   total 90112K, used 32804K [0x0000000701600000, 0x0000000800000000)
  region size 2048K, 1 young (2048K), 1 survivors (2048K)
 Metaspace       used 83093K, committed 83648K, reserved 1179648K
  class space    used 10958K, committed 11264K, reserved 1048576K
}
Event: 575.021 GC heap before
{Heap before GC invocations=21 (full 0):
 garbage-first heap   total 90112K, used 69668K [0x0000000701600000, 0x0000000800000000)
  region size 2048K, 19 young (38912K), 1 survivors (2048K)
 Metaspace       used 83972K, committed 84544K, reserved 1179648K
  class space    used 10987K, committed 11264K, reserved 1048576K
}
Event: 575.023 GC heap after
{Heap after GC invocations=22 (full 0):
 garbage-first heap   total 90112K, used 32864K [0x0000000701600000, 0x0000000800000000)
  region size 2048K, 1 young (2048K), 1 survivors (2048K)
 Metaspace       used 83972K, committed 84544K, reserved 1179648K
  class space    used 10987K, committed 11264K, reserved 1048576K
}

